{"timestamp":"2026-05-01T16:10:37.664Z","method":"GET","endpoint":"/","statusCode":201,"responseTime":"4.57ms","ip":"::1","userAgent":"PostmanRuntime/7.53.0"}
{"timestamp":"2026-05-01T20:47:23.012Z","method":"GET","endpoint":"/api/v1/users/logs","statusCode":200,"responseTime":"9.96ms","ip":"::1","userAgent":"PostmanRuntime/7.53.0"}
{"timestamp":"2026-05-01T21:15:03.851Z","method":"GET","endpoint":"/api/v1/users/logs","statusCode":401,"responseTime":"29.71ms","ip":"::1","userAgent":"PostmanRuntime/7.53.0"}
{"timestamp":"2026-05-01T21:18:55.390Z","method":"POST","endpoint":"/api/v1/auth/login","statusCode":200,"responseTime":"4019.09ms","ip":"::1","userAgent":"PostmanRuntime/7.53.0"}
{"timestamp":"2026-05-01T21:19:09.210Z","method":"GET","endpoint":"/api/v1/users/log","statusCode":404,"responseTime":"3511.75ms","ip":"::1","userAgent":"PostmanRuntime/7.53.0"}
{"timestamp":"2026-05-01T21:20:04.184Z","method":"GET","endpoint":"/api/v1/users/log","statusCode":404,"responseTime":"3448.12ms","ip":"::1","userAgent":"PostmanRuntime/7.53.0"}
{"timestamp":"2026-05-01T21:38:24.952Z","method":"GET","endpoint":"/api/v1/users/log","statusCode":404,"responseTime":"3467.97ms","ip":"::1","userAgent":"PostmanRuntime/7.53.0"}
{"timestamp":"2026-05-01T21:58:55.940Z","method":"POST","endpoint":"/api/v1/auth/login","statusCode":200,"responseTime":"4450.33ms","ip":"::1","userAgent":"PostmanRuntime/7.53.0"}
{"timestamp":"2026-05-01T21:59:28.244Z","method":"POST","endpoint":"/api/v1/users/frontend","statusCode":200,"responseTime":"3.70ms","ip":"::1","userAgent":"PostmanRuntime/7.53.0"}
{"timestamp":"2026-05-01T22:03:05.913Z","method":"POST","endpoint":"/api/v1/users/frontend","statusCode":200,"responseTime":"69.45ms","ip":"::1","userAgent":"PostmanRuntime/7.53.0"}
{"timestamp":"2026-05-01T22:03:08.973Z","method":"POST","endpoint":"/api/v1/users/frontend","statusCode":200,"responseTime":"5.26ms","ip":"::1","userAgent":"PostmanRuntime/7.53.0"}
{"timestamp":"2026-05-01T22:33:10.896Z","method":"POST","endpoint":"/api/v1/users/frontend","statusCode":200,"responseTime":"3094.26ms","ip":"::1","userAgent":"PostmanRuntime/7.53.0"}
{"timestamp":"2026-05-01T22:35:55.745Z","method":"POST","endpoint":"/api/v1/users/frontend","statusCode":200,"responseTime":"2907.85ms","ip":"::1","userAgent":"PostmanRuntime/7.53.0"}
{"timestamp":"2026-05-01T22:46:00.773Z","method":"POST","endpoint":"/api/v1/users/frontend-logs","statusCode":401,"responseTime":"7.05ms","ip":"::1","userAgent":"node"}
{"timestamp":"2026-05-01T22:46:00.763Z","method":"POST","endpoint":"/api/v1/users/frontend-logs","statusCode":401,"responseTime":"9.27ms","ip":"::1","userAgent":"node"}
{"timestamp":"2026-05-01T22:46:00.773Z","method":"POST","endpoint":"/api/v1/users/frontend-logs","statusCode":401,"responseTime":"6.30ms","ip":"::1","userAgent":"node"}
{"timestamp":"2026-05-01T22:46:45.289Z","method":"POST","endpoint":"/api/v1/users/frontend-logs","statusCode":401,"responseTime":"1.55ms","ip":"::1","userAgent":"node"}
{"timestamp":"2026-05-01T22:48:21.164Z","method":"POST","endpoint":"/api/v1/users/frontend-logs","statusCode":200,"responseTime":"15.01ms","ip":"::1","userAgent":"node"}
{"timestamp":"2026-05-01T22:48:21.535Z","method":"GET","endpoint":"/api/v1/users/logs","statusCode":401,"responseTime":"4.11ms","ip":"::1","userAgent":"node"}
{"timestamp":"2026-05-01T22:48:21.591Z","method":"POST","endpoint":"/api/v1/users/frontend-logs","statusCode":200,"responseTime":"2.50ms","ip":"::1","userAgent":"node"}
{"timestamp":"2026-05-01T22:48:21.700Z","method":"GET","endpoint":"/api/v1/users/logs","statusCode":401,"responseTime":"1.32ms","ip":"::1","userAgent":"node"}
{"timestamp":"2026-05-01T22:48:30.635Z","method":"POST","endpoint":"/api/v1/users/frontend-logs","statusCode":200,"responseTime":"9.17ms","ip":"::1","userAgent":"node"}
{"timestamp":"2026-05-01T22:48:30.895Z","method":"GET","endpoint":"/api/v1/users/logs","statusCode":401,"responseTime":"0.97ms","ip":"::1","userAgent":"node"}
{"timestamp":"2026-05-01T22:48:57.593Z","method":"POST","endpoint":"/api/v1/users/frontend-logs","statusCode":200,"responseTime":"8.51ms","ip":"::1","userAgent":"node"}
{"timestamp":"2026-05-01T22:49:25.852Z","method":"POST","endpoint":"/api/v1/users/frontend-logs","statusCode":200,"responseTime":"2.23ms","ip":"::1","userAgent":"node"}
{"timestamp":"2026-05-01T22:49:29.335Z","method":"GET","endpoint":"/api/v1/volunteer?limit=3&page=1","statusCode":200,"responseTime":"2963.87ms","ip":"::1","userAgent":"node"}
{"timestamp":"2026-05-01T22:49:29.340Z","method":"GET","endpoint":"/api/v1/emergency?limit=3&page=1","statusCode":200,"responseTime":"3358.55ms","ip":"::1","userAgent":"node"}
{"timestamp":"2026-05-01T22:49:30.737Z","method":"GET","endpoint":"/api/v1/volunteer","statusCode":200,"responseTime":"630.59ms","ip":"::1","userAgent":"Mozilla/5.0 (Windows NT 10.0; Win64; x64) AppleWebKit/537.36 (KHTML, like Gecko) Chrome/147.0.0.0 Safari/537.36"}
{"timestamp":"2026-05-01T22:49:31.042Z","method":"GET","endpoint":"/api/v1/emergency","statusCode":200,"responseTime":"939.88ms","ip":"::1","userAgent":"Mozilla/5.0 (Windows NT 10.0; Win64; x64) AppleWebKit/537.36 (KHTML, like Gecko) Chrome/147.0.0.0 Safari/537.36"}
{"timestamp":"2026-05-01T22:52:05.233Z","method":"GET","endpoint":"/api/v1/users/logs","statusCode":401,"responseTime":"14.67ms","ip":"::1","userAgent":"node"}
{"timestamp":"2026-05-01T22:52:21.788Z","method":"GET","endpoint":"/api/v1/emergency?limit=3&page=1","statusCode":200,"responseTime":"3150.04ms","ip":"::1","userAgent":"node"}
{"timestamp":"2026-05-01T22:52:21.786Z","method":"GET","endpoint":"/api/v1/volunteer?limit=3&page=1","statusCode":200,"responseTime":"3048.13ms","ip":"::1","userAgent":"node"}
{"timestamp":"2026-05-01T22:52:22.173Z","method":"GET","endpoint":"/api/v1/volunteer?limit=3&page=1","statusCode":200,"responseTime":"2965.57ms","ip":"::1","userAgent":"node"}
{"timestamp":"2026-05-01T22:52:22.210Z","method":"GET","endpoint":"/api/v1/emergency?limit=3&page=1","statusCode":200,"responseTime":"3004.91ms","ip":"::1","userAgent":"node"}
{"timestamp":"2026-05-01T22:52:24.158Z","method":"GET","endpoint":"/api/v1/volunteer","statusCode":200,"responseTime":"633.97ms","ip":"::1","userAgent":"Mozilla/5.0 (Windows NT 10.0; Win64; x64) AppleWebKit/537.36 (KHTML, like Gecko) Chrome/147.0.0.0 Safari/537.36"}
{"timestamp":"2026-05-01T22:52:24.458Z","method":"GET","endpoint":"/api/v1/emergency","statusCode":200,"responseTime":"945.49ms","ip":"::1","userAgent":"Mozilla/5.0 (Windows NT 10.0; Win64; x64) AppleWebKit/537.36 (KHTML, like Gecko) Chrome/147.0.0.0 Safari/537.36"}
{"timestamp":"2026-05-01T22:54:52.350Z","method":"GET","endpoint":"/api/v1/users/logs","statusCode":401,"responseTime":"1.14ms","ip":"::1","userAgent":"node"}
{"timestamp":"2026-05-01T22:57:29.671Z","method":"POST","endpoint":"/api/v1/users/frontend-logs","statusCode":200,"responseTime":"19.76ms","ip":"::1","userAgent":"node"}
{"timestamp":"2026-05-01T22:57:29.875Z","method":"GET","endpoint":"/api/v1/users/logs","statusCode":401,"responseTime":"4.89ms","ip":"::1","userAgent":"node"}
{"timestamp":"2026-05-01T22:57:43.101Z","method":"POST","endpoint":"/api/v1/users/frontend-logs","statusCode":200,"responseTime":"5.35ms","ip":"::1","userAgent":"node"}
{"timestamp":"2026-05-01T22:57:43.990Z","method":"POST","endpoint":"/api/v1/users/frontend-logs","statusCode":200,"responseTime":"1.53ms","ip":"::1","userAgent":"node"}
{"timestamp":"2026-05-01T22:57:44.886Z","method":"POST","endpoint":"/api/v1/users/frontend-logs","statusCode":200,"responseTime":"1.46ms","ip":"::1","userAgent":"node"}
{"timestamp":"2026-05-01T22:57:45.056Z","method":"POST","endpoint":"/api/v1/users/frontend-logs","statusCode":200,"responseTime":"1.52ms","ip":"::1","userAgent":"node"}
{"timestamp":"2026-05-01T22:57:46.552Z","method":"GET","endpoint":"/api/v1/volunteer?limit=3&page=1","statusCode":200,"responseTime":"3115.13ms","ip":"::1","userAgent":"node"}
{"timestamp":"2026-05-01T22:57:46.587Z","method":"GET","endpoint":"/api/v1/emergency?limit=3&page=1","statusCode":200,"responseTime":"3270.31ms","ip":"::1","userAgent":"node"}
{"timestamp":"2026-05-01T22:57:46.748Z","method":"GET","endpoint":"/api/v1/volunteer?limit=3&page=1","statusCode":200,"responseTime":"1774.98ms","ip":"::1","userAgent":"node"}
{"timestamp":"2026-05-01T22:57:46.757Z","method":"GET","endpoint":"/api/v1/emergency?limit=3&page=1","statusCode":200,"responseTime":"1612.20ms","ip":"::1","userAgent":"node"}
{"timestamp":"2026-05-01T22:57:46.783Z","method":"GET","endpoint":"/api/v1/volunteer?limit=3&page=1","statusCode":200,"responseTime":"1531.78ms","ip":"::1","userAgent":"node"}
{"timestamp":"2026-05-01T22:57:46.806Z","method":"GET","endpoint":"/api/v1/emergency?limit=3&page=1","statusCode":200,"responseTime":"2753.82ms","ip":"::1","userAgent":"node"}
{"timestamp":"2026-05-01T22:57:46.835Z","method":"GET","endpoint":"/api/v1/volunteer?limit=3&page=1","statusCode":200,"responseTime":"2745.23ms","ip":"::1","userAgent":"node"}
{"timestamp":"2026-05-01T22:57:47.491Z","method":"GET","endpoint":"/api/v1/emergency","statusCode":200,"responseTime":"548.69ms","ip":"::1","userAgent":"Mozilla/5.0 (Windows NT 10.0; Win64; x64) AppleWebKit/537.36 (KHTML, like Gecko) Chrome/147.0.0.0 Safari/537.36"}
{"timestamp":"2026-05-01T22:57:47.497Z","method":"GET","endpoint":"/api/v1/emergency","statusCode":200,"responseTime":"564.88ms","ip":"::1","userAgent":"Mozilla/5.0 (Windows NT 10.0; Win64; x64) AppleWebKit/537.36 (KHTML, like Gecko) Chrome/147.0.0.0 Safari/537.36"}
{"timestamp":"2026-05-01T22:57:47.502Z","method":"GET","endpoint":"/api/v1/volunteer","statusCode":200,"responseTime":"564.44ms","ip":"::1","userAgent":"Mozilla/5.0 (Windows NT 10.0; Win64; x64) AppleWebKit/537.36 (KHTML, like Gecko) Chrome/147.0.0.0 Safari/537.36"}
{"timestamp":"2026-05-01T22:57:47.521Z","method":"GET","endpoint":"/api/v1/volunteer","statusCode":200,"responseTime":"576.66ms","ip":"::1","userAgent":"Mozilla/5.0 (Windows NT 10.0; Win64; x64) AppleWebKit/537.36 (KHTML, like Gecko) Chrome/147.0.0.0 Safari/537.36"}
{"timestamp":"2026-05-01T22:57:47.790Z","method":"GET","endpoint":"/api/v1/emergency?limit=3&page=1","statusCode":200,"responseTime":"2821.44ms","ip":"::1","userAgent":"node"}
{"timestamp":"2026-05-01T22:57:49.261Z","method":"POST","endpoint":"/api/v1/users/frontend-logs","statusCode":200,"responseTime":"3.37ms","ip":"::1","userAgent":"node"}
{"timestamp":"2026-05-01T22:59:35.634Z","method":"GET","endpoint":"/api/v1/volunteer?limit=3&page=1","statusCode":200,"responseTime":"2860.18ms","ip":"::1","userAgent":"node"}
{"timestamp":"2026-05-01T22:59:35.638Z","method":"GET","endpoint":"/api/v1/emergency?limit=3&page=1","statusCode":200,"responseTime":"2966.42ms","ip":"::1","userAgent":"node"}
{"timestamp":"2026-05-01T22:59:36.749Z","method":"GET","endpoint":"/api/v1/emergency?limit=3&page=1","statusCode":200,"responseTime":"570.53ms","ip":"::1","userAgent":"node"}
{"timestamp":"2026-05-01T22:59:36.762Z","method":"GET","endpoint":"/api/v1/volunteer?limit=3&page=1","statusCode":200,"responseTime":"567.14ms","ip":"::1","userAgent":"node"}
{"timestamp":"2026-05-01T22:59:37.457Z","method":"GET","endpoint":"/api/v1/emergency","statusCode":200,"responseTime":"584.41ms","ip":"::1","userAgent":"Mozilla/5.0 (Windows NT 10.0; Win64; x64) AppleWebKit/537.36 (KHTML, like Gecko) Chrome/147.0.0.0 Safari/537.36"}
{"timestamp":"2026-05-01T22:59:37.463Z","method":"GET","endpoint":"/api/v1/volunteer","statusCode":200,"responseTime":"587.00ms","ip":"::1","userAgent":"Mozilla/5.0 (Windows NT 10.0; Win64; x64) AppleWebKit/537.36 (KHTML, like Gecko) Chrome/147.0.0.0 Safari/537.36"}
{"timestamp":"2026-05-01T22:59:37.681Z","method":"GET","endpoint":"/api/v1/volunteer?limit=3&page=1","statusCode":200,"responseTime":"2728.28ms","ip":"::1","userAgent":"node"}
{"timestamp":"2026-05-01T22:59:37.724Z","method":"GET","endpoint":"/api/v1/volunteer","statusCode":200,"responseTime":"839.34ms","ip":"::1","userAgent":"Mozilla/5.0 (Windows NT 10.0; Win64; x64) AppleWebKit/537.36 (KHTML, like Gecko) Chrome/147.0.0.0 Safari/537.36"}
{"timestamp":"2026-05-01T22:59:37.745Z","method":"GET","endpoint":"/api/v1/emergency?limit=3&page=1","statusCode":200,"responseTime":"2796.53ms","ip":"::1","userAgent":"node"}
{"timestamp":"2026-05-01T22:59:39.659Z","method":"GET","endpoint":"/api/v1/emergency","statusCode":200,"responseTime":"2777.40ms","ip":"::1","userAgent":"Mozilla/5.0 (Windows NT 10.0; Win64; x64) AppleWebKit/537.36 (KHTML, like Gecko) Chrome/147.0.0.0 Safari/537.36"}
{"timestamp":"2026-05-01T23:00:31.956Z","method":"GET","endpoint":"/api/v1/users/frontend","statusCode":404,"responseTime":"3150.09ms","ip":"::1","userAgent":"PostmanRuntime/7.53.0"}
{"timestamp":"2026-05-01T23:00:41.603Z","method":"GET","endpoint":"/api/v1/users/frontend-logs","statusCode":200,"responseTime":"580.40ms","ip":"::1","userAgent":"PostmanRuntime/7.53.0"}
{"timestamp":"2026-05-01T23:01:42.636Z","method":"GET","endpoint":"/api/v1/emergency?limit=3&page=1","statusCode":200,"responseTime":"2818.28ms","ip":"::1","userAgent":"node"}
{"timestamp":"2026-05-01T23:01:42.644Z","method":"GET","endpoint":"/api/v1/volunteer?limit=3&page=1","statusCode":200,"responseTime":"2819.30ms","ip":"::1","userAgent":"node"}
{"timestamp":"2026-05-01T23:01:43.987Z","method":"GET","endpoint":"/api/v1/emergency","statusCode":200,"responseTime":"564.64ms","ip":"::1","userAgent":"Mozilla/5.0 (Windows NT 10.0; Win64; x64) AppleWebKit/537.36 (KHTML, like Gecko) Chrome/147.0.0.0 Safari/537.36"}
{"timestamp":"2026-05-01T23:01:44.005Z","method":"GET","endpoint":"/api/v1/volunteer","statusCode":200,"responseTime":"580.37ms","ip":"::1","userAgent":"Mozilla/5.0 (Windows NT 10.0; Win64; x64) AppleWebKit/537.36 (KHTML, like Gecko) Chrome/147.0.0.0 Safari/537.36"}
{"timestamp":"2026-05-01T23:07:40.074Z","method":"POST","endpoint":"/api/v1/users/frontend-logs","statusCode":401,"responseTime":"10.37ms","ip":"::1","userAgent":"node"}
{"timestamp":"2026-05-01T23:08:11.411Z","method":"POST","endpoint":"/api/v1/users/frontend-logs","statusCode":401,"responseTime":"2.00ms","ip":"::1","userAgent":"node"}
{"timestamp":"2026-05-01T23:08:11.713Z","method":"GET","endpoint":"/api/v1/users/logs","statusCode":401,"responseTime":"2.27ms","ip":"::1","userAgent":"node"}
{"timestamp":"2026-05-01T23:09:06.197Z","method":"GET","endpoint":"/api/v1/users/frontend-logs","statusCode":404,"responseTime":"3238.72ms","ip":"::1","userAgent":"PostmanRuntime/7.53.0"}
{"timestamp":"2026-05-01T23:09:38.682Z","method":"GET","endpoint":"/api/v1/users/frontend-logs","statusCode":200,"responseTime":"2916.91ms","ip":"::1","userAgent":"PostmanRuntime/7.53.0"}
{"timestamp":"2026-05-01T23:11:03.838Z","method":"GET","endpoint":"/api/v1/users/frontend-logs","statusCode":200,"responseTime":"2989.61ms","ip":"::1","userAgent":"PostmanRuntime/7.53.0"}
{"timestamp":"2026-05-01T23:11:34.312Z","method":"GET","endpoint":"/api/v1/emergency?limit=3&page=1","statusCode":200,"responseTime":"2834.59ms","ip":"::1","userAgent":"node"}
{"timestamp":"2026-05-01T23:11:34.324Z","method":"GET","endpoint":"/api/v1/volunteer?limit=3&page=1","statusCode":200,"responseTime":"2825.67ms","ip":"::1","userAgent":"node"}
{"timestamp":"2026-05-01T23:11:35.070Z","method":"GET","endpoint":"/api/v1/emergency","statusCode":200,"responseTime":"596.49ms","ip":"::1","userAgent":"Mozilla/5.0 (Windows NT 10.0; Win64; x64) AppleWebKit/537.36 (KHTML, like Gecko) Chrome/147.0.0.0 Safari/537.36"}
{"timestamp":"2026-05-01T23:11:35.063Z","method":"GET","endpoint":"/api/v1/volunteer","statusCode":200,"responseTime":"585.39ms","ip":"::1","userAgent":"Mozilla/5.0 (Windows NT 10.0; Win64; x64) AppleWebKit/537.36 (KHTML, like Gecko) Chrome/147.0.0.0 Safari/537.36"}
{"timestamp":"2026-05-01T23:11:37.295Z","method":"GET","endpoint":"/api/v1/volunteer","statusCode":200,"responseTime":"2806.21ms","ip":"::1","userAgent":"Mozilla/5.0 (Windows NT 10.0; Win64; x64) AppleWebKit/537.36 (KHTML, like Gecko) Chrome/147.0.0.0 Safari/537.36"}
{"timestamp":"2026-05-01T23:11:37.332Z","method":"GET","endpoint":"/api/v1/emergency","statusCode":200,"responseTime":"2847.16ms","ip":"::1","userAgent":"Mozilla/5.0 (Windows NT 10.0; Win64; x64) AppleWebKit/537.36 (KHTML, like Gecko) Chrome/147.0.0.0 Safari/537.36"}
{"timestamp":"2026-05-01T23:14:17.647Z","method":"GET","endpoint":"/api/v1/users/logs","statusCode":401,"responseTime":"3.07ms","ip":"::1","userAgent":"node"}
{"timestamp":"2026-05-01T23:17:32.790Z","method":"GET","endpoint":"/api/v1/volunteer?limit=3&page=1","statusCode":200,"responseTime":"3004.99ms","ip":"::1","userAgent":"node"}
{"timestamp":"2026-05-01T23:17:32.783Z","method":"GET","endpoint":"/api/v1/emergency?limit=3&page=1","statusCode":200,"responseTime":"2999.96ms","ip":"::1","userAgent":"node"}
{"timestamp":"2026-05-01T23:17:33.012Z","method":"GET","endpoint":"/api/v1/volunteer?limit=3&page=1","statusCode":200,"responseTime":"2881.94ms","ip":"::1","userAgent":"node"}
{"timestamp":"2026-05-01T23:17:33.061Z","method":"GET","endpoint":"/api/v1/emergency?limit=3&page=1","statusCode":200,"responseTime":"2932.63ms","ip":"::1","userAgent":"node"}
{"timestamp":"2026-05-01T23:17:33.539Z","method":"GET","endpoint":"/api/v1/volunteer","statusCode":200,"responseTime":"598.50ms","ip":"::1","userAgent":"Mozilla/5.0 (Windows NT 10.0; Win64; x64) AppleWebKit/537.36 (KHTML, like Gecko) Chrome/147.0.0.0 Safari/537.36"}
{"timestamp":"2026-05-01T23:17:33.553Z","method":"GET","endpoint":"/api/v1/emergency","statusCode":200,"responseTime":"615.09ms","ip":"::1","userAgent":"Mozilla/5.0 (Windows NT 10.0; Win64; x64) AppleWebKit/537.36 (KHTML, like Gecko) Chrome/147.0.0.0 Safari/537.36"}
{"timestamp":"2026-05-01T23:17:33.557Z","method":"GET","endpoint":"/api/v1/volunteer","statusCode":200,"responseTime":"614.62ms","ip":"::1","userAgent":"Mozilla/5.0 (Windows NT 10.0; Win64; x64) AppleWebKit/537.36 (KHTML, like Gecko) Chrome/147.0.0.0 Safari/537.36"}
{"timestamp":"2026-05-01T23:17:35.839Z","method":"GET","endpoint":"/api/v1/emergency","statusCode":200,"responseTime":"2893.79ms","ip":"::1","userAgent":"Mozilla/5.0 (Windows NT 10.0; Win64; x64) AppleWebKit/537.36 (KHTML, like Gecko) Chrome/147.0.0.0 Safari/537.36"}
{"timestamp":"2026-05-01T23:25:33.669Z","method":"GET","endpoint":"/api/v1/users/logs","statusCode":401,"responseTime":"12.27ms","ip":"::1","userAgent":"node"}
{"timestamp":"2026-05-01T23:26:08.009Z","method":"GET","endpoint":"/api/v1/users/logs","statusCode":401,"responseTime":"9.61ms","ip":"::1","userAgent":"node"}
{"timestamp":"2026-05-01T23:27:28.980Z","method":"GET","endpoint":"/api/v1/users/logs","statusCode":401,"responseTime":"14.05ms","ip":"::1","userAgent":"node"}
{"timestamp":"2026-05-01T23:27:42.304Z","method":"GET","endpoint":"/api/v1/users/logs","statusCode":401,"responseTime":"1.60ms","ip":"::1","userAgent":"node"}
{"timestamp":"2026-05-01T23:29:26.178Z","method":"GET","endpoint":"/api/v1/users/logs","statusCode":401,"responseTime":"8.03ms","ip":"::1","userAgent":"node"}
{"timestamp":"2026-05-01T23:32:10.678Z","method":"GET","endpoint":"/api/v1/users/all-logs","statusCode":401,"responseTime":"9.35ms","ip":"::1","userAgent":"PostmanRuntime/7.53.0"}
{"timestamp":"2026-05-01T23:32:34.829Z","method":"GET","endpoint":"/api/v1/volunteer?limit=3&page=1","statusCode":200,"responseTime":"3194.44ms","ip":"::1","userAgent":"node"}
{"timestamp":"2026-05-01T23:32:34.831Z","method":"GET","endpoint":"/api/v1/emergency?limit=3&page=1","statusCode":200,"responseTime":"3617.71ms","ip":"::1","userAgent":"node"}
{"timestamp":"2026-05-01T23:32:36.665Z","method":"GET","endpoint":"/api/v1/volunteer","statusCode":200,"responseTime":"624.17ms","ip":"::1","userAgent":"Mozilla/5.0 (Windows NT 10.0; Win64; x64) AppleWebKit/537.36 (KHTML, like Gecko) Chrome/147.0.0.0 Safari/537.36"}
{"timestamp":"2026-05-01T23:32:36.968Z","method":"GET","endpoint":"/api/v1/emergency","statusCode":200,"responseTime":"931.08ms","ip":"::1","userAgent":"Mozilla/5.0 (Windows NT 10.0; Win64; x64) AppleWebKit/537.36 (KHTML, like Gecko) Chrome/147.0.0.0 Safari/537.36"}
{"timestamp":"2026-05-01T23:32:39.042Z","method":"GET","endpoint":"/api/v1/emergency","statusCode":200,"responseTime":"2982.92ms","ip":"::1","userAgent":"Mozilla/5.0 (Windows NT 10.0; Win64; x64) AppleWebKit/537.36 (KHTML, like Gecko) Chrome/147.0.0.0 Safari/537.36"}
{"timestamp":"2026-05-01T23:32:39.101Z","method":"GET","endpoint":"/api/v1/volunteer","statusCode":200,"responseTime":"3038.41ms","ip":"::1","userAgent":"Mozilla/5.0 (Windows NT 10.0; Win64; x64) AppleWebKit/537.36 (KHTML, like Gecko) Chrome/147.0.0.0 Safari/537.36"}
{"timestamp":"2026-05-01T23:32:47.193Z","method":"GET","endpoint":"/api/v1/users/logs","statusCode":401,"responseTime":"3.61ms","ip":"::1","userAgent":"node"}
{"timestamp":"2026-05-01T23:33:10.240Z","method":"GET","endpoint":"/api/v1/users/all-logs","statusCode":401,"responseTime":"0.90ms","ip":"::1","userAgent":"PostmanRuntime/7.53.0"}
{"timestamp":"2026-05-01T23:33:37.301Z","method":"POST","endpoint":"/api/v1/auth/login","statusCode":200,"responseTime":"3419.94ms","ip":"::1","userAgent":"PostmanRuntime/7.53.0"}
{"timestamp":"2026-05-01T23:33:58.682Z","method":"GET","endpoint":"/api/v1/users/all-logs","statusCode":200,"responseTime":"3075.48ms","ip":"::1","userAgent":"PostmanRuntime/7.53.0"}
{"timestamp":"2026-05-01T23:37:34.470Z","method":"GET","endpoint":"/api/v1/emergency?limit=3&page=1","statusCode":200,"responseTime":"2991.38ms","ip":"::1","userAgent":"node"}
{"timestamp":"2026-05-01T23:37:34.476Z","method":"GET","endpoint":"/api/v1/volunteer?limit=3&page=1","statusCode":200,"responseTime":"2928.99ms","ip":"::1","userAgent":"node"}
{"timestamp":"2026-05-01T23:37:36.594Z","method":"GET","endpoint":"/api/v1/emergency","statusCode":200,"responseTime":"572.18ms","ip":"::1","userAgent":"Mozilla/5.0 (Windows NT 10.0; Win64; x64) AppleWebKit/537.36 (KHTML, like Gecko) Chrome/147.0.0.0 Safari/537.36"}
{"timestamp":"2026-05-01T23:37:36.599Z","method":"GET","endpoint":"/api/v1/volunteer","statusCode":200,"responseTime":"570.59ms","ip":"::1","userAgent":"Mozilla/5.0 (Windows NT 10.0; Win64; x64) AppleWebKit/537.36 (KHTML, like Gecko) Chrome/147.0.0.0 Safari/537.36"}
{"timestamp":"2026-05-01T23:37:42.964Z","method":"GET","endpoint":"/api/v1/users/logs","statusCode":401,"responseTime":"4.30ms","ip":"::1","userAgent":"node"}
{"timestamp":"2026-05-01T23:43:32.873Z","method":"GET","endpoint":"/api/v1/users/frontend-logs","statusCode":200,"responseTime":"3083.16ms","ip":"::1","userAgent":"PostmanRuntime/7.53.0"}
{"timestamp":"2026-05-01T23:43:39.107Z","method":"GET","endpoint":"/api/v1/users/frontend-logs","statusCode":200,"responseTime":"595.83ms","ip":"::1","userAgent":"PostmanRuntime/7.53.0"}
{"timestamp":"2026-05-01T23:43:45.018Z","method":"GET","endpoint":"/api/v1/emergency?limit=3&page=1","statusCode":200,"responseTime":"2618.67ms","ip":"::1","userAgent":"node"}
{"timestamp":"2026-05-01T23:43:45.326Z","method":"GET","endpoint":"/api/v1/volunteer?limit=3&page=1","statusCode":200,"responseTime":"2906.19ms","ip":"::1","userAgent":"node"}
{"timestamp":"2026-05-01T23:43:46.181Z","method":"GET","endpoint":"/api/v1/volunteer?limit=3&page=1","statusCode":200,"responseTime":"876.02ms","ip":"::1","userAgent":"node"}
{"timestamp":"2026-05-01T23:43:46.192Z","method":"GET","endpoint":"/api/v1/emergency?limit=3&page=1","statusCode":200,"responseTime":"888.90ms","ip":"::1","userAgent":"node"}
{"timestamp":"2026-05-01T23:43:46.197Z","method":"GET","endpoint":"/api/v1/emergency?limit=3&page=1","statusCode":200,"responseTime":"631.83ms","ip":"::1","userAgent":"node"}
{"timestamp":"2026-05-01T23:43:46.207Z","method":"GET","endpoint":"/api/v1/volunteer?limit=3&page=1","statusCode":200,"responseTime":"640.14ms","ip":"::1","userAgent":"node"}
{"timestamp":"2026-05-01T23:43:46.910Z","method":"GET","endpoint":"/api/v1/emergency?limit=3&page=1","statusCode":200,"responseTime":"2629.15ms","ip":"::1","userAgent":"node"}
{"timestamp":"2026-05-01T23:43:47.144Z","method":"GET","endpoint":"/api/v1/emergency","statusCode":200,"responseTime":"732.06ms","ip":"::1","userAgent":"Mozilla/5.0 (Windows NT 10.0; Win64; x64) AppleWebKit/537.36 (KHTML, like Gecko) Chrome/147.0.0.0 Safari/537.36"}
{"timestamp":"2026-05-01T23:43:47.164Z","method":"GET","endpoint":"/api/v1/volunteer","statusCode":200,"responseTime":"747.94ms","ip":"::1","userAgent":"Mozilla/5.0 (Windows NT 10.0; Win64; x64) AppleWebKit/537.36 (KHTML, like Gecko) Chrome/147.0.0.0 Safari/537.36"}
{"timestamp":"2026-05-01T23:43:47.203Z","method":"GET","endpoint":"/api/v1/volunteer?limit=3&page=1","statusCode":200,"responseTime":"2918.97ms","ip":"::1","userAgent":"node"}
{"timestamp":"2026-05-01T23:43:47.323Z","method":"GET","endpoint":"/api/v1/volunteer","statusCode":200,"responseTime":"897.98ms","ip":"::1","userAgent":"Mozilla/5.0 (Windows NT 10.0; Win64; x64) AppleWebKit/537.36 (KHTML, like Gecko) Chrome/147.0.0.0 Safari/537.36"}
{"timestamp":"2026-05-01T23:43:47.326Z","method":"GET","endpoint":"/api/v1/emergency","statusCode":200,"responseTime":"901.47ms","ip":"::1","userAgent":"Mozilla/5.0 (Windows NT 10.0; Win64; x64) AppleWebKit/537.36 (KHTML, like Gecko) Chrome/147.0.0.0 Safari/537.36"}
{"timestamp":"2026-05-01T23:43:47.388Z","method":"GET","endpoint":"/api/v1/emergency?limit=3&page=1","statusCode":200,"responseTime":"2885.63ms","ip":"::1","userAgent":"node"}
{"timestamp":"2026-05-01T23:43:47.450Z","method":"GET","endpoint":"/api/v1/volunteer?limit=3&page=1","statusCode":200,"responseTime":"2944.45ms","ip":"::1","userAgent":"node"}
{"timestamp":"2026-05-01T23:43:51.478Z","method":"GET","endpoint":"/api/v1/users/frontend-logs","statusCode":200,"responseTime":"604.93ms","ip":"::1","userAgent":"PostmanRuntime/7.53.0"}
{"timestamp":"2026-05-01T23:44:44.947Z","method":"POST","endpoint":"/api/v1/users/frontend-logs","statusCode":401,"responseTime":"8.89ms","ip":"::1","userAgent":"node"}
{"timestamp":"2026-05-02T07:08:56.598Z","method":"POST","endpoint":"/api/v1/users/frontend-logs","statusCode":200,"responseTime":"27.13ms","ip":"::1","userAgent":"node"}
{"timestamp":"2026-05-02T07:08:57.949Z","method":"GET","endpoint":"/api/v1/users/backend-logs","statusCode":401,"responseTime":"10.26ms","ip":"::1","userAgent":"node"}
{"timestamp":"2026-05-02T07:08:58.016Z","method":"GET","endpoint":"/api/v1/users/frontend-logs","statusCode":401,"responseTime":"66.56ms","ip":"::1","userAgent":"node"}
{"timestamp":"2026-05-02T07:09:03.611Z","method":"POST","endpoint":"/api/v1/users/frontend-logs","statusCode":200,"responseTime":"3.32ms","ip":"::1","userAgent":"node"}
{"timestamp":"2026-05-02T07:09:03.911Z","method":"POST","endpoint":"/api/v1/users/frontend-logs","statusCode":200,"responseTime":"17.41ms","ip":"::1","userAgent":"node"}
{"timestamp":"2026-05-02T07:09:03.915Z","method":"POST","endpoint":"/api/v1/users/frontend-logs","statusCode":200,"responseTime":"19.43ms","ip":"::1","userAgent":"node"}
{"timestamp":"2026-05-02T07:09:08.435Z","method":"GET","endpoint":"/api/v1/emergency?limit=3&page=1","statusCode":200,"responseTime":"4690.47ms","ip":"::1","userAgent":"node"}
{"timestamp":"2026-05-02T07:09:08.438Z","method":"GET","endpoint":"/api/v1/volunteer?limit=3&page=1","statusCode":200,"responseTime":"4556.57ms","ip":"::1","userAgent":"node"}
{"timestamp":"2026-05-02T07:09:21.979Z","method":"POST","endpoint":"/api/v1/users/frontend-logs","statusCode":200,"responseTime":"7.75ms","ip":"::1","userAgent":"node"}
{"timestamp":"2026-05-02T07:09:27.251Z","method":"POST","endpoint":"/api/v1/users/frontend-logs","statusCode":200,"responseTime":"15.55ms","ip":"::1","userAgent":"node"}
{"timestamp":"2026-05-02T07:09:28.424Z","method":"POST","endpoint":"/api/v1/users/frontend-logs","statusCode":200,"responseTime":"3.30ms","ip":"::1","userAgent":"node"}
{"timestamp":"2026-05-02T07:09:29.991Z","method":"POST","endpoint":"/api/v1/users/frontend-logs","statusCode":200,"responseTime":"5.29ms","ip":"::1","userAgent":"node"}
{"timestamp":"2026-05-02T07:09:30.703Z","method":"POST","endpoint":"/api/v1/users/frontend-logs","statusCode":200,"responseTime":"3.82ms","ip":"::1","userAgent":"node"}
{"timestamp":"2026-05-02T07:09:31.673Z","method":"GET","endpoint":"/api/v1/volunteer?limit=3&page=1","statusCode":200,"responseTime":"3130.81ms","ip":"::1","userAgent":"node"}
{"timestamp":"2026-05-02T07:09:31.687Z","method":"GET","endpoint":"/api/v1/emergency?limit=3&page=1","statusCode":200,"responseTime":"3177.84ms","ip":"::1","userAgent":"node"}
{"timestamp":"2026-05-02T07:09:33.225Z","method":"GET","endpoint":"/api/v1/volunteer?limit=3&page=1","statusCode":200,"responseTime":"3105.38ms","ip":"::1","userAgent":"node"}
{"timestamp":"2026-05-02T07:09:33.284Z","method":"GET","endpoint":"/api/v1/emergency?limit=3&page=1","statusCode":200,"responseTime":"3171.40ms","ip":"::1","userAgent":"node"}
{"timestamp":"2026-05-02T07:09:34.999Z","method":"POST","endpoint":"/api/v1/users/frontend-logs","statusCode":200,"responseTime":"7.88ms","ip":"::1","userAgent":"node"}
{"timestamp":"2026-05-02T07:09:35.617Z","method":"POST","endpoint":"/api/v1/users/frontend-logs","statusCode":200,"responseTime":"2.25ms","ip":"::1","userAgent":"node"}
{"timestamp":"2026-05-02T07:09:35.756Z","method":"GET","endpoint":"/api/v1/emergency?limit=3&page=1","statusCode":200,"responseTime":"640.57ms","ip":"::1","userAgent":"node"}
{"timestamp":"2026-05-02T07:09:35.792Z","method":"GET","endpoint":"/api/v1/volunteer?limit=3&page=1","statusCode":200,"responseTime":"642.03ms","ip":"::1","userAgent":"node"}
{"timestamp":"2026-05-02T07:09:35.869Z","method":"POST","endpoint":"/api/v1/users/frontend-logs","statusCode":200,"responseTime":"1.92ms","ip":"::1","userAgent":"node"}
{"timestamp":"2026-05-02T07:09:36.296Z","method":"GET","endpoint":"/api/v1/emergency?limit=3&page=1","statusCode":200,"responseTime":"614.11ms","ip":"::1","userAgent":"node"}
{"timestamp":"2026-05-02T07:09:36.324Z","method":"GET","endpoint":"/api/v1/volunteer?limit=3&page=1","statusCode":200,"responseTime":"639.88ms","ip":"::1","userAgent":"node"}
{"timestamp":"2026-05-02T07:09:36.579Z","method":"GET","endpoint":"/api/v1/emergency?limit=3&page=1","statusCode":200,"responseTime":"634.30ms","ip":"::1","userAgent":"node"}
{"timestamp":"2026-05-02T07:09:36.584Z","method":"GET","endpoint":"/api/v1/volunteer?limit=3&page=1","statusCode":200,"responseTime":"634.32ms","ip":"::1","userAgent":"node"}
{"timestamp":"2026-05-02T07:09:37.787Z","method":"GET","endpoint":"/api/v1/volunteer","statusCode":200,"responseTime":"625.60ms","ip":"::1","userAgent":"Mozilla/5.0 (Windows NT 10.0; Win64; x64) AppleWebKit/537.36 (KHTML, like Gecko) Chrome/147.0.0.0 Safari/537.36"}
{"timestamp":"2026-05-02T07:09:37.799Z","method":"GET","endpoint":"/api/v1/emergency","statusCode":200,"responseTime":"654.52ms","ip":"::1","userAgent":"Mozilla/5.0 (Windows NT 10.0; Win64; x64) AppleWebKit/537.36 (KHTML, like Gecko) Chrome/147.0.0.0 Safari/537.36"}
{"timestamp":"2026-05-02T07:09:37.805Z","method":"GET","endpoint":"/api/v1/volunteer","statusCode":200,"responseTime":"655.76ms","ip":"::1","userAgent":"Mozilla/5.0 (Windows NT 10.0; Win64; x64) AppleWebKit/537.36 (KHTML, like Gecko) Chrome/147.0.0.0 Safari/537.36"}
{"timestamp":"2026-05-02T07:09:37.806Z","method":"GET","endpoint":"/api/v1/emergency","statusCode":200,"responseTime":"648.91ms","ip":"::1","userAgent":"Mozilla/5.0 (Windows NT 10.0; Win64; x64) AppleWebKit/537.36 (KHTML, like Gecko) Chrome/147.0.0.0 Safari/537.36"}
{"timestamp":"2026-05-02T07:09:39.768Z","method":"POST","endpoint":"/api/v1/users/frontend-logs","statusCode":200,"responseTime":"6.06ms","ip":"::1","userAgent":"node"}
{"timestamp":"2026-05-02T07:09:39.882Z","method":"POST","endpoint":"/api/v1/users/frontend-logs","statusCode":200,"responseTime":"1.66ms","ip":"::1","userAgent":"node"}
{"timestamp":"2026-05-02T07:09:53.264Z","method":"POST","endpoint":"/api/v1/users/frontend-logs","statusCode":200,"responseTime":"2.66ms","ip":"::1","userAgent":"node"}
{"timestamp":"2026-05-02T07:09:53.375Z","method":"POST","endpoint":"/api/v1/users/frontend-logs","statusCode":200,"responseTime":"5.07ms","ip":"::1","userAgent":"node"}
{"timestamp":"2026-05-02T07:10:10.294Z","method":"POST","endpoint":"/api/v1/users/frontend-logs","statusCode":200,"responseTime":"2.29ms","ip":"::1","userAgent":"node"}
{"timestamp":"2026-05-02T07:10:15.198Z","method":"POST","endpoint":"/api/v1/users/frontend-logs","statusCode":200,"responseTime":"6.11ms","ip":"::1","userAgent":"node"}
{"timestamp":"2026-05-02T07:10:15.275Z","method":"GET","endpoint":"/api/v1/users/backend-logs","statusCode":401,"responseTime":"0.86ms","ip":"::1","userAgent":"node"}
{"timestamp":"2026-05-02T07:10:15.384Z","method":"GET","endpoint":"/api/v1/users/frontend-logs","statusCode":401,"responseTime":"2.97ms","ip":"::1","userAgent":"node"}
{"timestamp":"2026-05-02T07:12:10.683Z","method":"POST","endpoint":"/api/v1/users/frontend-logs","statusCode":200,"responseTime":"2.42ms","ip":"::1","userAgent":"node"}
{"timestamp":"2026-05-02T07:12:15.600Z","method":"GET","endpoint":"/api/v1/volunteer?limit=3&page=1","statusCode":200,"responseTime":"4599.86ms","ip":"::1","userAgent":"node"}
{"timestamp":"2026-05-02T07:12:16.005Z","method":"GET","endpoint":"/api/v1/emergency?limit=3&page=1","statusCode":200,"responseTime":"5009.03ms","ip":"::1","userAgent":"node"}
{"timestamp":"2026-05-02T07:12:18.435Z","method":"GET","endpoint":"/api/v1/volunteer","statusCode":200,"responseTime":"827.90ms","ip":"::1","userAgent":"Mozilla/5.0 (Windows NT 10.0; Win64; x64) AppleWebKit/537.36 (KHTML, like Gecko) Chrome/147.0.0.0 Safari/537.36"}
{"timestamp":"2026-05-02T07:12:18.833Z","method":"GET","endpoint":"/api/v1/emergency","statusCode":200,"responseTime":"1228.01ms","ip":"::1","userAgent":"Mozilla/5.0 (Windows NT 10.0; Win64; x64) AppleWebKit/537.36 (KHTML, like Gecko) Chrome/147.0.0.0 Safari/537.36"}
{"timestamp":"2026-05-02T07:12:57.122Z","method":"POST","endpoint":"/api/v1/users/frontend-logs","statusCode":200,"responseTime":"2.63ms","ip":"::1","userAgent":"node"}
{"timestamp":"2026-05-02T07:13:01.643Z","method":"POST","endpoint":"/api/v1/users/frontend-logs","statusCode":200,"responseTime":"9.67ms","ip":"::1","userAgent":"node"}
{"timestamp":"2026-05-02T07:13:01.783Z","method":"GET","endpoint":"/api/v1/users/backend-logs","statusCode":401,"responseTime":"0.92ms","ip":"::1","userAgent":"node"}
{"timestamp":"2026-05-02T07:13:01.790Z","method":"GET","endpoint":"/api/v1/users/frontend-logs","statusCode":401,"responseTime":"6.67ms","ip":"::1","userAgent":"node"}
{"timestamp":"2026-05-02T07:13:30.561Z","method":"POST","endpoint":"/api/v1/users/frontend-logs","statusCode":200,"responseTime":"1.85ms","ip":"::1","userAgent":"node"}
{"timestamp":"2026-05-02T07:14:40.731Z","method":"POST","endpoint":"/api/v1/users/frontend-logs","statusCode":200,"responseTime":"4.40ms","ip":"::1","userAgent":"node"}
{"timestamp":"2026-05-02T07:14:40.753Z","method":"POST","endpoint":"/api/v1/users/frontend-logs","statusCode":200,"responseTime":"1.92ms","ip":"::1","userAgent":"node"}
{"timestamp":"2026-05-02T07:14:40.831Z","method":"POST","endpoint":"/api/v1/users/frontend-logs","statusCode":200,"responseTime":"1.81ms","ip":"::1","userAgent":"node"}
{"timestamp":"2026-05-02T07:14:42.140Z","method":"POST","endpoint":"/api/v1/users/frontend-logs","statusCode":200,"responseTime":"3.38ms","ip":"::1","userAgent":"node"}
{"timestamp":"2026-05-02T07:14:42.141Z","method":"POST","endpoint":"/api/v1/users/frontend-logs","statusCode":200,"responseTime":"2.94ms","ip":"::1","userAgent":"node"}
{"timestamp":"2026-05-02T07:14:42.358Z","method":"POST","endpoint":"/api/v1/users/frontend-logs","statusCode":200,"responseTime":"3.82ms","ip":"::1","userAgent":"node"}
{"timestamp":"2026-05-02T07:14:42.544Z","method":"POST","endpoint":"/api/v1/users/frontend-logs","statusCode":200,"responseTime":"3.51ms","ip":"::1","userAgent":"node"}
{"timestamp":"2026-05-02T07:14:42.713Z","method":"POST","endpoint":"/api/v1/users/frontend-logs","statusCode":200,"responseTime":"2.04ms","ip":"::1","userAgent":"node"}
{"timestamp":"2026-05-02T07:14:42.724Z","method":"POST","endpoint":"/api/v1/users/frontend-logs","statusCode":200,"responseTime":"3.21ms","ip":"::1","userAgent":"node"}
{"timestamp":"2026-05-02T07:14:42.855Z","method":"POST","endpoint":"/api/v1/users/frontend-logs","statusCode":200,"responseTime":"3.39ms","ip":"::1","userAgent":"node"}
{"timestamp":"2026-05-02T07:14:42.857Z","method":"POST","endpoint":"/api/v1/users/frontend-logs","statusCode":200,"responseTime":"2.70ms","ip":"::1","userAgent":"node"}
{"timestamp":"2026-05-02T07:14:42.865Z","method":"POST","endpoint":"/api/v1/users/frontend-logs","statusCode":200,"responseTime":"1.84ms","ip":"::1","userAgent":"node"}
{"timestamp":"2026-05-02T07:14:45.262Z","method":"GET","endpoint":"/api/v1/users/backend-logs","statusCode":200,"responseTime":"3232.08ms","ip":"::1","userAgent":"node"}
{"timestamp":"2026-05-02T07:14:45.327Z","method":"GET","endpoint":"/api/v1/users/frontend-logs","statusCode":200,"responseTime":"3274.50ms","ip":"::1","userAgent":"node"}
{"timestamp":"2026-05-02T07:14:45.351Z","method":"GET","endpoint":"/api/v1/users/backend-logs","statusCode":200,"responseTime":"1939.15ms","ip":"::1","userAgent":"node"}
{"timestamp":"2026-05-02T07:14:45.435Z","method":"GET","endpoint":"/api/v1/users/frontend-logs","statusCode":200,"responseTime":"2021.99ms","ip":"::1","userAgent":"node"}
{"timestamp":"2026-05-02T07:14:45.552Z","method":"GET","endpoint":"/api/v1/users/backend-logs","statusCode":200,"responseTime":"3053.53ms","ip":"::1","userAgent":"node"}
{"timestamp":"2026-05-02T07:14:45.625Z","method":"GET","endpoint":"/api/v1/users/frontend-logs","statusCode":200,"responseTime":"3118.45ms","ip":"::1","userAgent":"node"}
{"timestamp":"2026-05-02T07:14:46.032Z","method":"GET","endpoint":"/api/v1/users/frontend-logs","statusCode":200,"responseTime":"2832.68ms","ip":"::1","userAgent":"node"}
{"timestamp":"2026-05-02T07:14:46.079Z","method":"GET","endpoint":"/api/v1/users/backend-logs","statusCode":200,"responseTime":"2887.42ms","ip":"::1","userAgent":"node"}
{"timestamp":"2026-05-02T07:14:46.241Z","method":"GET","endpoint":"/api/v1/users/frontend-logs","statusCode":200,"responseTime":"2839.12ms","ip":"::1","userAgent":"node"}
{"timestamp":"2026-05-02T07:14:46.284Z","method":"GET","endpoint":"/api/v1/users/frontend-logs","statusCode":200,"responseTime":"2875.63ms","ip":"::1","userAgent":"node"}
{"timestamp":"2026-05-02T07:14:46.312Z","method":"GET","endpoint":"/api/v1/users/backend-logs","statusCode":200,"responseTime":"2905.98ms","ip":"::1","userAgent":"node"}
{"timestamp":"2026-05-02T07:14:46.360Z","method":"GET","endpoint":"/api/v1/users/backend-logs","statusCode":200,"responseTime":"2962.64ms","ip":"::1","userAgent":"node"}
{"timestamp":"2026-05-02T07:18:37.675Z","method":"POST","endpoint":"/api/v1/users/frontend-logs","statusCode":200,"responseTime":"33.61ms","ip":"::1","userAgent":"node"}
{"timestamp":"2026-05-02T07:18:42.005Z","method":"GET","endpoint":"/api/v1/users/frontend-logs","statusCode":200,"responseTime":"3198.31ms","ip":"::1","userAgent":"node"}
{"timestamp":"2026-05-02T07:18:42.027Z","method":"GET","endpoint":"/api/v1/users/backend-logs","statusCode":200,"responseTime":"3401.57ms","ip":"::1","userAgent":"node"}
{"timestamp":"2026-05-02T07:19:02.431Z","method":"POST","endpoint":"/api/v1/users/frontend-logs","statusCode":200,"responseTime":"8.61ms","ip":"::1","userAgent":"node"}
{"timestamp":"2026-05-02T07:19:05.084Z","method":"POST","endpoint":"/api/v1/users/frontend-logs","statusCode":200,"responseTime":"3.18ms","ip":"::1","userAgent":"node"}
{"timestamp":"2026-05-02T07:19:07.176Z","method":"POST","endpoint":"/api/v1/users/frontend-logs","statusCode":200,"responseTime":"7.22ms","ip":"::1","userAgent":"node"}
{"timestamp":"2026-05-02T07:19:10.923Z","method":"GET","endpoint":"/api/v1/volunteer?limit=3&page=1","statusCode":200,"responseTime":"3157.51ms","ip":"::1","userAgent":"node"}
{"timestamp":"2026-05-02T07:19:10.934Z","method":"GET","endpoint":"/api/v1/emergency?limit=3&page=1","statusCode":200,"responseTime":"3262.67ms","ip":"::1","userAgent":"node"}
{"timestamp":"2026-05-02T07:19:11.908Z","method":"GET","endpoint":"/api/v1/volunteer","statusCode":200,"responseTime":"590.72ms","ip":"::1","userAgent":"Mozilla/5.0 (Windows NT 10.0; Win64; x64) AppleWebKit/537.36 (KHTML, like Gecko) Chrome/147.0.0.0 Safari/537.36"}
{"timestamp":"2026-05-02T07:19:12.200Z","method":"GET","endpoint":"/api/v1/emergency","statusCode":200,"responseTime":"888.82ms","ip":"::1","userAgent":"Mozilla/5.0 (Windows NT 10.0; Win64; x64) AppleWebKit/537.36 (KHTML, like Gecko) Chrome/147.0.0.0 Safari/537.36"}
{"timestamp":"2026-05-02T07:19:14.306Z","method":"GET","endpoint":"/api/v1/emergency","statusCode":200,"responseTime":"2980.60ms","ip":"::1","userAgent":"Mozilla/5.0 (Windows NT 10.0; Win64; x64) AppleWebKit/537.36 (KHTML, like Gecko) Chrome/147.0.0.0 Safari/537.36"}
{"timestamp":"2026-05-02T07:19:15.503Z","method":"GET","endpoint":"/api/v1/volunteer","statusCode":200,"responseTime":"4173.46ms","ip":"::1","userAgent":"Mozilla/5.0 (Windows NT 10.0; Win64; x64) AppleWebKit/537.36 (KHTML, like Gecko) Chrome/147.0.0.0 Safari/537.36"}
{"timestamp":"2026-05-02T07:21:25.581Z","method":"GET","endpoint":"/api/v1/emergency?page=1&limit=9","statusCode":200,"responseTime":"2905.61ms","ip":"::1","userAgent":"Mozilla/5.0 (Windows NT 10.0; Win64; x64) AppleWebKit/537.36 (KHTML, like Gecko) Chrome/147.0.0.0 Safari/537.36"}
{"timestamp":"2026-05-02T07:21:28.552Z","method":"GET","endpoint":"/api/v1/users/frontend-logs","statusCode":200,"responseTime":"570.56ms","ip":"::1","userAgent":"Mozilla/5.0 (Windows NT 10.0; Win64; x64) AppleWebKit/537.36 (KHTML, like Gecko) Chrome/147.0.0.0 Safari/537.36"}
{"timestamp":"2026-05-02T07:21:28.558Z","method":"GET","endpoint":"/api/v1/users/backend-logs","statusCode":200,"responseTime":"581.57ms","ip":"::1","userAgent":"Mozilla/5.0 (Windows NT 10.0; Win64; x64) AppleWebKit/537.36 (KHTML, like Gecko) Chrome/147.0.0.0 Safari/537.36"}
{"timestamp":"2026-05-02T07:21:32.713Z","method":"GET","endpoint":"/api/v1/users/frontend-logs","statusCode":200,"responseTime":"609.89ms","ip":"::1","userAgent":"Mozilla/5.0 (Windows NT 10.0; Win64; x64) AppleWebKit/537.36 (KHTML, like Gecko) Chrome/147.0.0.0 Safari/537.36"}
{"timestamp":"2026-05-02T07:21:32.738Z","method":"GET","endpoint":"/api/v1/users/backend-logs","statusCode":200,"responseTime":"636.57ms","ip":"::1","userAgent":"Mozilla/5.0 (Windows NT 10.0; Win64; x64) AppleWebKit/537.36 (KHTML, like Gecko) Chrome/147.0.0.0 Safari/537.36"}
{"timestamp":"2026-05-02T07:21:46.666Z","method":"GET","endpoint":"/api/v1/users/frontend-logs","statusCode":200,"responseTime":"3101.68ms","ip":"::1","userAgent":"Mozilla/5.0 (Windows NT 10.0; Win64; x64) AppleWebKit/537.36 (KHTML, like Gecko) Chrome/147.0.0.0 Safari/537.36"}
{"timestamp":"2026-05-02T07:21:46.700Z","method":"GET","endpoint":"/api/v1/users/backend-logs","statusCode":200,"responseTime":"3137.75ms","ip":"::1","userAgent":"Mozilla/5.0 (Windows NT 10.0; Win64; x64) AppleWebKit/537.36 (KHTML, like Gecko) Chrome/147.0.0.0 Safari/537.36"}
{"timestamp":"2026-05-02T07:23:41.500Z","method":"GET","endpoint":"/api/v1/users/frontend-logs","statusCode":200,"responseTime":"4143.75ms","ip":"::1","userAgent":"Mozilla/5.0 (Windows NT 10.0; Win64; x64) AppleWebKit/537.36 (KHTML, like Gecko) Chrome/147.0.0.0 Safari/537.36"}
{"timestamp":"2026-05-02T07:23:41.512Z","method":"GET","endpoint":"/api/v1/users/backend-logs","statusCode":200,"responseTime":"4305.11ms","ip":"127.0.0.1","userAgent":"Mozilla/5.0 (Windows NT 10.0; Win64; x64) AppleWebKit/537.36 (KHTML, like Gecko) Chrome/147.0.0.0 Safari/537.36"}
{"timestamp":"2026-05-02T07:23:53.529Z","method":"POST","endpoint":"/api/v1/users/frontend-logs","statusCode":200,"responseTime":"3.89ms","ip":"::1","userAgent":"node"}
{"timestamp":"2026-05-02T07:23:53.982Z","method":"GET","endpoint":"/api/v1/auth/me","statusCode":401,"responseTime":"30.57ms","ip":"::1","userAgent":"Mozilla/5.0 (Windows NT 10.0; Win64; x64) AppleWebKit/537.36 (KHTML, like Gecko) Chrome/147.0.0.0 Safari/537.36"}
{"timestamp":"2026-05-02T07:23:57.033Z","method":"GET","endpoint":"/api/v1/emergency?page=1&limit=9","statusCode":200,"responseTime":"3080.23ms","ip":"::1","userAgent":"Mozilla/5.0 (Windows NT 10.0; Win64; x64) AppleWebKit/537.36 (KHTML, like Gecko) Chrome/147.0.0.0 Safari/537.36"}
{"timestamp":"2026-05-02T07:23:57.654Z","method":"GET","endpoint":"/api/v1/emergency?page=1&limit=9","statusCode":304,"responseTime":"617.42ms","ip":"::1","userAgent":"Mozilla/5.0 (Windows NT 10.0; Win64; x64) AppleWebKit/537.36 (KHTML, like Gecko) Chrome/147.0.0.0 Safari/537.36"}
{"timestamp":"2026-05-02T07:24:00.749Z","method":"GET","endpoint":"/api/v1/users/frontend-logs","statusCode":200,"responseTime":"613.12ms","ip":"::1","userAgent":"Mozilla/5.0 (Windows NT 10.0; Win64; x64) AppleWebKit/537.36 (KHTML, like Gecko) Chrome/147.0.0.0 Safari/537.36"}
{"timestamp":"2026-05-02T07:24:00.770Z","method":"GET","endpoint":"/api/v1/users/backend-logs","statusCode":200,"responseTime":"636.69ms","ip":"127.0.0.1","userAgent":"Mozilla/5.0 (Windows NT 10.0; Win64; x64) AppleWebKit/537.36 (KHTML, like Gecko) Chrome/147.0.0.0 Safari/537.36"}
{"timestamp":"2026-05-02T07:24:27.688Z","method":"POST","endpoint":"/api/v1/users/frontend-logs","statusCode":200,"responseTime":"8.72ms","ip":"::1","userAgent":"node"}
{"timestamp":"2026-05-02T07:24:30.166Z","method":"GET","endpoint":"/api/v1/auth/me","statusCode":401,"responseTime":"6.26ms","ip":"::1","userAgent":"Mozilla/5.0 (Windows NT 10.0; Win64; x64) AppleWebKit/537.36 (KHTML, like Gecko) Chrome/147.0.0.0 Safari/537.36"}
{"timestamp":"2026-05-02T07:24:30.183Z","method":"GET","endpoint":"/api/v1/auth/me","statusCode":401,"responseTime":"0.95ms","ip":"::1","userAgent":"Mozilla/5.0 (Windows NT 10.0; Win64; x64) AppleWebKit/537.36 (KHTML, like Gecko) Chrome/147.0.0.0 Safari/537.36"}
{"timestamp":"2026-05-02T07:24:31.784Z","method":"POST","endpoint":"/api/v1/users/frontend-logs","statusCode":200,"responseTime":"3.98ms","ip":"::1","userAgent":"node"}
{"timestamp":"2026-05-02T07:24:33.210Z","method":"GET","endpoint":"/api/v1/emergency?page=1&limit=9","statusCode":304,"responseTime":"3034.68ms","ip":"::1","userAgent":"Mozilla/5.0 (Windows NT 10.0; Win64; x64) AppleWebKit/537.36 (KHTML, like Gecko) Chrome/147.0.0.0 Safari/537.36"}
{"timestamp":"2026-05-02T07:24:33.799Z","method":"GET","endpoint":"/api/v1/emergency?page=1&limit=9","statusCode":304,"responseTime":"583.62ms","ip":"::1","userAgent":"Mozilla/5.0 (Windows NT 10.0; Win64; x64) AppleWebKit/537.36 (KHTML, like Gecko) Chrome/147.0.0.0 Safari/537.36"}
{"timestamp":"2026-05-02T07:24:34.090Z","method":"POST","endpoint":"/api/v1/users/frontend-logs","statusCode":200,"responseTime":"3.89ms","ip":"::1","userAgent":"node"}
{"timestamp":"2026-05-02T07:24:34.396Z","method":"POST","endpoint":"/api/v1/users/frontend-logs","statusCode":200,"responseTime":"13.18ms","ip":"::1","userAgent":"node"}
{"timestamp":"2026-05-02T07:24:35.070Z","method":"GET","endpoint":"/api/v1/emergency?limit=3&page=1","statusCode":200,"responseTime":"2816.07ms","ip":"::1","userAgent":"node"}
{"timestamp":"2026-05-02T07:24:35.103Z","method":"GET","endpoint":"/api/v1/emergency?limit=3&page=1","statusCode":200,"responseTime":"581.62ms","ip":"::1","userAgent":"node"}
{"timestamp":"2026-05-02T07:24:35.219Z","method":"GET","endpoint":"/api/v1/volunteer?limit=3&page=1","statusCode":200,"responseTime":"2867.89ms","ip":"::1","userAgent":"node"}
{"timestamp":"2026-05-02T07:24:35.911Z","method":"POST","endpoint":"/api/v1/users/frontend-logs","statusCode":200,"responseTime":"6.50ms","ip":"::1","userAgent":"node"}
{"timestamp":"2026-05-02T07:24:35.987Z","method":"POST","endpoint":"/api/v1/users/frontend-logs","statusCode":200,"responseTime":"2.23ms","ip":"::1","userAgent":"node"}
{"timestamp":"2026-05-02T07:24:36.668Z","method":"GET","endpoint":"/api/v1/volunteer?limit=3&page=1","statusCode":200,"responseTime":"592.82ms","ip":"::1","userAgent":"node"}
{"timestamp":"2026-05-02T07:24:36.686Z","method":"GET","endpoint":"/api/v1/emergency?limit=3&page=1","statusCode":200,"responseTime":"614.41ms","ip":"::1","userAgent":"node"}
{"timestamp":"2026-05-02T07:24:36.924Z","method":"GET","endpoint":"/api/v1/auth/me","statusCode":401,"responseTime":"2.66ms","ip":"::1","userAgent":"Mozilla/5.0 (Windows NT 10.0; Win64; x64) AppleWebKit/537.36 (KHTML, like Gecko) Chrome/147.0.0.0 Safari/537.36"}
{"timestamp":"2026-05-02T07:24:36.928Z","method":"GET","endpoint":"/api/v1/auth/me","statusCode":401,"responseTime":"1.06ms","ip":"::1","userAgent":"Mozilla/5.0 (Windows NT 10.0; Win64; x64) AppleWebKit/537.36 (KHTML, like Gecko) Chrome/147.0.0.0 Safari/537.36"}
{"timestamp":"2026-05-02T07:24:36.949Z","method":"GET","endpoint":"/api/v1/auth/me","statusCode":401,"responseTime":"0.97ms","ip":"::1","userAgent":"Mozilla/5.0 (Windows NT 10.0; Win64; x64) AppleWebKit/537.36 (KHTML, like Gecko) Chrome/147.0.0.0 Safari/537.36"}
{"timestamp":"2026-05-02T07:24:37.508Z","method":"GET","endpoint":"/api/v1/emergency","statusCode":200,"responseTime":"602.35ms","ip":"::1","userAgent":"Mozilla/5.0 (Windows NT 10.0; Win64; x64) AppleWebKit/537.36 (KHTML, like Gecko) Chrome/147.0.0.0 Safari/537.36"}
{"timestamp":"2026-05-02T07:24:37.530Z","method":"GET","endpoint":"/api/v1/volunteer","statusCode":200,"responseTime":"621.75ms","ip":"::1","userAgent":"Mozilla/5.0 (Windows NT 10.0; Win64; x64) AppleWebKit/537.36 (KHTML, like Gecko) Chrome/147.0.0.0 Safari/537.36"}
{"timestamp":"2026-05-02T07:24:37.543Z","method":"GET","endpoint":"/api/v1/emergency","statusCode":200,"responseTime":"630.87ms","ip":"::1","userAgent":"Mozilla/5.0 (Windows NT 10.0; Win64; x64) AppleWebKit/537.36 (KHTML, like Gecko) Chrome/147.0.0.0 Safari/537.36"}
{"timestamp":"2026-05-02T07:24:37.616Z","method":"GET","endpoint":"/api/v1/volunteer?limit=3&page=1","statusCode":200,"responseTime":"3092.68ms","ip":"::1","userAgent":"node"}
{"timestamp":"2026-05-02T07:24:39.935Z","method":"GET","endpoint":"/api/v1/volunteer","statusCode":200,"responseTime":"3021.06ms","ip":"::1","userAgent":"Mozilla/5.0 (Windows NT 10.0; Win64; x64) AppleWebKit/537.36 (KHTML, like Gecko) Chrome/147.0.0.0 Safari/537.36"}
{"timestamp":"2026-05-02T07:24:40.659Z","method":"GET","endpoint":"/api/v1/users/frontend-logs","statusCode":200,"responseTime":"591.69ms","ip":"::1","userAgent":"Mozilla/5.0 (Windows NT 10.0; Win64; x64) AppleWebKit/537.36 (KHTML, like Gecko) Chrome/147.0.0.0 Safari/537.36"}
{"timestamp":"2026-05-02T07:24:40.675Z","method":"GET","endpoint":"/api/v1/users/backend-logs","statusCode":200,"responseTime":"611.19ms","ip":"::1","userAgent":"Mozilla/5.0 (Windows NT 10.0; Win64; x64) AppleWebKit/537.36 (KHTML, like Gecko) Chrome/147.0.0.0 Safari/537.36"}
